12/12/22 11:58:05:191: INICIANDO VARREDURA 
12/12/22 11:58:05:275: PASTA: C:\Teste\ 
12/12/22 11:58:05:280: PASTA: C:\Teste\template 
12/12/22 11:58:05:347: VARREDURA CONCLUﾃ好A 
12/12/22 11:58:05:348: 30 ARQUIVOS ENCONTRADOS PARA DELETAR 
12/12/22 11:58:05:352: INICIANDO APAGAMENTOS DE 30 ARQUIVOS 
 
12/12/22 11:58:05:357: Mon Dec 12 2022 11:54:19 GMT-0300 (Hora oficial do Brasil) 
12/12/22 11:58:32:123: INICIANDO VARREDURA 
12/12/22 11:58:32:126: PASTA: C:\Teste\ 
12/12/22 11:58:32:132: PASTA: C:\Teste\template 
12/12/22 11:58:32:156: VARREDURA CONCLUﾃ好A 
12/12/22 11:58:32:157: 30 ARQUIVOS ENCONTRADOS PARA DELETAR 
12/12/22 11:58:32:161: INICIANDO APAGAMENTOS DE 30 ARQUIVOS 
 
12/12/22 11:58:32:169: 1812334996 
12/12/22 11:58:42:174: INICIANDO VARREDURA 
12/12/22 11:58:42:176: PASTA: C:\Teste\ 
12/12/22 11:58:42:180: PASTA: C:\Teste\template 
12/12/22 11:58:42:236: VARREDURA CONCLUﾃ好A 
12/12/22 11:58:42:240: 30 ARQUIVOS ENCONTRADOS PARA DELETAR 
12/12/22 11:58:42:242: INICIANDO APAGAMENTOS DE 30 ARQUIVOS 
 
12/12/22 11:58:42:257: 1812334996 
12/12/22 11:58:52:349: INICIANDO VARREDURA 
12/12/22 11:58:52:351: PASTA: C:\Teste\ 
12/12/22 11:58:52:353: PASTA: C:\Teste\template 
12/12/22 11:58:52:375: VARREDURA CONCLUﾃ好A 
12/12/22 11:58:52:376: 30 ARQUIVOS ENCONTRADOS PARA DELETAR 
12/12/22 11:58:52:378: INICIANDO APAGAMENTOS DE 30 ARQUIVOS 
 
12/12/22 11:58:52:387: 1812334996 
