12/12/22 10:51:10:038: INICIANDO VARREDURA 
12/12/22 10:51:10:041: PASTA: C:\Teste\ 
12/12/22 10:51:10:057: PASTA: C:\Teste\template 
12/12/22 10:51:10:079: VARREDURA CONCLUÍDA 
12/12/22 10:51:10:089: 0 ARQUIVOS ENCONTRADOS PARA DELETAR 
12/12/22 10:51:10:089: EM FUNCIONAMENTO ESPERANDO PRÓXIMA VARREDURA 
12/12/22 10:51:11:103: INICIANDO VARREDURA 
12/12/22 10:51:11:105: PASTA: C:\Teste\ 
12/12/22 10:51:11:110: PASTA: C:\Teste\template 
12/12/22 10:51:11:169: VARREDURA CONCLUÍDA 
12/12/22 10:51:11:172: 0 ARQUIVOS ENCONTRADOS PARA DELETAR 
12/12/22 10:51:11:173: EM FUNCIONAMENTO ESPERANDO PRÓXIMA VARREDURA 
12/12/22 10:51:12:258: INICIANDO VARREDURA 
12/12/22 10:51:12:259: PASTA: C:\Teste\ 
12/12/22 10:51:12:260: PASTA: C:\Teste\template 
12/12/22 10:51:12:275: VARREDURA CONCLUÍDA 
12/12/22 10:51:12:276: 0 ARQUIVOS ENCONTRADOS PARA DELETAR 
12/12/22 10:51:12:293: EM FUNCIONAMENTO ESPERANDO PRÓXIMA VARREDURA 
12/12/22 10:51:13:331: INICIANDO VARREDURA 
12/12/22 10:51:13:332: PASTA: C:\Teste\ 
12/12/22 10:51:13:334: PASTA: C:\Teste\template 
12/12/22 10:51:13:344: VARREDURA CONCLUÍDA 
12/12/22 10:51:13:345: 0 ARQUIVOS ENCONTRADOS PARA DELETAR 
12/12/22 10:51:13:346: EM FUNCIONAMENTO ESPERANDO PRÓXIMA VARREDURA 
12/12/22 10:51:14:370: INICIANDO VARREDURA 
12/12/22 10:51:14:371: PASTA: C:\Teste\ 
12/12/22 10:51:14:373: PASTA: C:\Teste\template 
12/12/22 10:51:14:382: VARREDURA CONCLUÍDA 
12/12/22 10:51:14:383: 0 ARQUIVOS ENCONTRADOS PARA DELETAR 
12/12/22 10:51:14:386: EM FUNCIONAMENTO ESPERANDO PRÓXIMA VARREDURA 
