12/12/22 10:52:24:926: INICIANDO VARREDURA 
12/12/22 10:52:24:927: PASTA: C:\Teste\ 
12/12/22 10:52:24:928: PASTA: C:\Teste\template 
12/12/22 10:52:24:939: VARREDURA CONCLUÍDA 
12/12/22 10:52:24:939: 13 ARQUIVOS ENCONTRADOS PARA DELETAR 
12/12/22 10:52:24:940: INICIANDO APAGAMENTOS DE 13 ARQUIVOS 
 
12/12/22 10:52:24:949: C:\Teste\teste - Copia (10).txt - (SUCESSO) 
12/12/22 10:52:24:953: C:\Teste\teste - Copia (11).txt - (SUCESSO) 
12/12/22 10:52:24:955: C:\Teste\teste - Copia (12).txt - (SUCESSO) 
12/12/22 10:52:24:956: C:\Teste\teste - Copia (2).txt - (SUCESSO) 
12/12/22 10:52:24:959: C:\Teste\teste - Copia (3).txt - (SUCESSO) 
12/12/22 10:52:24:961: C:\Teste\teste - Copia (4).txt - (SUCESSO) 
12/12/22 10:52:24:962: C:\Teste\teste - Copia (5).txt - (SUCESSO) 
12/12/22 10:52:24:963: C:\Teste\teste - Copia (6).txt - (SUCESSO) 
12/12/22 10:52:24:964: C:\Teste\teste - Copia (7).txt - (SUCESSO) 
12/12/22 10:52:24:965: C:\Teste\teste - Copia (8).txt - (SUCESSO) 
12/12/22 10:52:24:966: C:\Teste\teste - Copia (9).txt - (SUCESSO) 
12/12/22 10:52:24:967: C:\Teste\teste - Copia.txt - (SUCESSO) 
12/12/22 10:52:24:968: C:\Teste\teste.txt - (SUCESSO) 
 
12/12/22 10:52:24:971: FINALIZANDO APAGAMENTOS! 
12/12/22 10:52:24:972: EM FUNCIONAMENTO ESPERANDO PRÓXIMA VARREDURA 
12/12/22 10:52:25:946: INICIANDO VARREDURA 
12/12/22 10:52:25:947: PASTA: C:\Teste\ 
12/12/22 10:52:25:948: PASTA: C:\Teste\template 
12/12/22 10:52:25:956: VARREDURA CONCLUÍDA 
12/12/22 10:52:25:956: 0 ARQUIVOS ENCONTRADOS PARA DELETAR 
12/12/22 10:52:25:956: EM FUNCIONAMENTO ESPERANDO PRÓXIMA VARREDURA 
12/12/22 10:52:26:970: INICIANDO VARREDURA 
12/12/22 10:52:26:971: PASTA: C:\Teste\ 
12/12/22 10:52:26:973: PASTA: C:\Teste\template 
12/12/22 10:52:26:981: VARREDURA CONCLUÍDA 
12/12/22 10:52:26:983: 0 ARQUIVOS ENCONTRADOS PARA DELETAR 
12/12/22 10:52:26:984: EM FUNCIONAMENTO ESPERANDO PRÓXIMA VARREDURA 
12/12/22 10:52:28:001: INICIANDO VARREDURA 
12/12/22 10:52:28:002: PASTA: C:\Teste\ 
12/12/22 10:52:28:003: PASTA: C:\Teste\template 
12/12/22 10:52:28:007: VARREDURA CONCLUÍDA 
12/12/22 10:52:28:016: 0 ARQUIVOS ENCONTRADOS PARA DELETAR 
12/12/22 10:52:28:018: EM FUNCIONAMENTO ESPERANDO PRÓXIMA VARREDURA 
12/12/22 10:52:29:060: INICIANDO VARREDURA 
12/12/22 10:52:29:062: PASTA: C:\Teste\ 
12/12/22 10:52:29:067: PASTA: C:\Teste\template 
12/12/22 10:52:29:075: VARREDURA CONCLUÍDA 
12/12/22 10:52:29:077: 0 ARQUIVOS ENCONTRADOS PARA DELETAR 
12/12/22 10:52:29:078: EM FUNCIONAMENTO ESPERANDO PRÓXIMA VARREDURA 
