12/12/22 11:54:30:552: INICIANDO VARREDURA 
12/12/22 11:54:30:565: PASTA: C:\Teste\ 
12/12/22 11:54:30:580: PASTA: C:\Teste\template 
12/12/22 11:54:30:626: VARREDURA CONCLUÍDA 
12/12/22 11:54:30:629: 30 ARQUIVOS ENCONTRADOS PARA DELETAR 
12/12/22 11:54:30:634: INICIANDO APAGAMENTOS DE 30 ARQUIVOS 
 
12/12/22 11:54:30:639: C:\Teste\teste - Copia (10).txt 
12/12/22 11:54:40:655: INICIANDO VARREDURA 
12/12/22 11:54:40:656: PASTA: C:\Teste\ 
12/12/22 11:54:40:659: PASTA: C:\Teste\template 
12/12/22 11:54:40:682: VARREDURA CONCLUÍDA 
12/12/22 11:54:40:683: 30 ARQUIVOS ENCONTRADOS PARA DELETAR 
12/12/22 11:54:40:683: INICIANDO APAGAMENTOS DE 30 ARQUIVOS 
 
12/12/22 11:54:40:691: C:\Teste\teste - Copia (10).txt 
12/12/22 11:54:50:770: INICIANDO VARREDURA 
12/12/22 11:54:50:771: PASTA: C:\Teste\ 
12/12/22 11:54:50:772: PASTA: C:\Teste\template 
12/12/22 11:54:50:791: VARREDURA CONCLUÍDA 
12/12/22 11:54:50:792: 30 ARQUIVOS ENCONTRADOS PARA DELETAR 
12/12/22 11:54:50:793: INICIANDO APAGAMENTOS DE 30 ARQUIVOS 
 
12/12/22 11:54:50:794: C:\Teste\teste - Copia (10).txt 
12/12/22 11:55:00:821: INICIANDO VARREDURA 
12/12/22 11:55:00:823: PASTA: C:\Teste\ 
12/12/22 11:55:00:825: PASTA: C:\Teste\template 
12/12/22 11:55:00:841: VARREDURA CONCLUÍDA 
12/12/22 11:55:00:842: 30 ARQUIVOS ENCONTRADOS PARA DELETAR 
12/12/22 11:55:00:843: INICIANDO APAGAMENTOS DE 30 ARQUIVOS 
 
12/12/22 11:55:00:845: C:\Teste\teste - Copia (10).txt 
12/12/22 11:55:10:871: INICIANDO VARREDURA 
12/12/22 11:55:10:872: PASTA: C:\Teste\ 
12/12/22 11:55:10:873: PASTA: C:\Teste\template 
12/12/22 11:55:10:884: VARREDURA CONCLUÍDA 
12/12/22 11:55:10:884: 30 ARQUIVOS ENCONTRADOS PARA DELETAR 
12/12/22 11:55:10:885: INICIANDO APAGAMENTOS DE 30 ARQUIVOS 
 
12/12/22 11:55:10:888: C:\Teste\teste - Copia (10).txt 
12/12/22 11:55:20:916: INICIANDO VARREDURA 
12/12/22 11:55:20:918: PASTA: C:\Teste\ 
12/12/22 11:55:20:921: PASTA: C:\Teste\template 
12/12/22 11:55:20:939: VARREDURA CONCLUÍDA 
12/12/22 11:55:20:940: 30 ARQUIVOS ENCONTRADOS PARA DELETAR 
12/12/22 11:55:20:941: INICIANDO APAGAMENTOS DE 30 ARQUIVOS 
 
12/12/22 11:55:20:942: C:\Teste\teste - Copia (10).txt 
