12/12/22 10:49:09:118: INICIANDO VARREDURA 
12/12/22 10:49:09:120: PASTA: C:\Teste\ 
12/12/22 10:49:09:122: PASTA: C:\Teste\template 
12/12/22 10:49:09:129: VARREDURA CONCLUÍDA 
12/12/22 10:49:09:130: 7 ARQUIVOS ENCONTRADOS PARA DELETAR 
12/12/22 10:49:09:130: INICIANDO APAGAMENTOS DE 7 ARQUIVOS 
 
12/12/22 10:49:09:133: C:\Teste\teste - Copia (2).txt - (SUCESSO) 
12/12/22 10:49:09:135: C:\Teste\teste - Copia (3).txt - (SUCESSO) 
12/12/22 10:49:09:136: C:\Teste\teste - Copia (4).txt - (SUCESSO) 
12/12/22 10:49:09:137: C:\Teste\teste - Copia (5).txt - (SUCESSO) 
12/12/22 10:49:09:139: C:\Teste\teste - Copia (6).txt - (SUCESSO) 
12/12/22 10:49:09:142: C:\Teste\teste - Copia.txt - (SUCESSO) 
12/12/22 10:49:09:143: C:\Teste\teste.txt - (SUCESSO) 
 
12/12/22 10:49:09:144: FINALIZANDO APAGAMENTOS! 
12/12/22 10:49:09:145: EM FUNCIONAMENTO ESPERANDO PRÓXIMA VARREDURA 
12/12/22 10:49:10:140: INICIANDO VARREDURA 
12/12/22 10:49:10:145: PASTA: C:\Teste\ 
12/12/22 10:49:10:148: PASTA: C:\Teste\template 
12/12/22 10:49:10:160: VARREDURA CONCLUÍDA 
12/12/22 10:49:10:161: 0 ARQUIVOS ENCONTRADOS PARA DELETAR 
12/12/22 10:49:10:162: EM FUNCIONAMENTO ESPERANDO PRÓXIMA VARREDURA 
12/12/22 10:49:11:186: INICIANDO VARREDURA 
12/12/22 10:49:11:187: PASTA: C:\Teste\ 
12/12/22 10:49:11:189: PASTA: C:\Teste\template 
12/12/22 10:49:11:207: VARREDURA CONCLUÍDA 
12/12/22 10:49:11:208: 0 ARQUIVOS ENCONTRADOS PARA DELETAR 
12/12/22 10:49:11:209: EM FUNCIONAMENTO ESPERANDO PRÓXIMA VARREDURA 
12/12/22 10:49:12:244: INICIANDO VARREDURA 
12/12/22 10:49:12:278: PASTA: C:\Teste\ 
12/12/22 10:49:12:291: PASTA: C:\Teste\template 
12/12/22 10:49:12:295: VARREDURA CONCLUÍDA 
12/12/22 10:49:12:296: 0 ARQUIVOS ENCONTRADOS PARA DELETAR 
12/12/22 10:49:12:296: EM FUNCIONAMENTO ESPERANDO PRÓXIMA VARREDURA 
