12/12/22 11:43:16:023: INICIANDO VARREDURA 
12/12/22 11:43:16:029: PASTA: C:\Teste\ 
12/12/22 11:43:16:034: PASTA: C:\Teste\template 
12/12/22 11:43:16:070: VARREDURA CONCLUÍDA 
12/12/22 11:43:16:070: 40 ARQUIVOS ENCONTRADOS PARA DELETAR 
12/12/22 11:43:16:070: INICIANDO APAGAMENTOS DE 40 ARQUIVOS 
 
12/12/22 11:43:16:073: C:\Teste\texto - Copia (10).txt - (SUCESSO) 
12/12/22 11:43:16:076: C:\Teste\texto - Copia (11).txt - (SUCESSO) 
12/12/22 11:43:16:081: C:\Teste\texto - Copia (12).txt - (SUCESSO) 
12/12/22 11:43:16:082: C:\Teste\texto - Copia (13).txt - (SUCESSO) 
12/12/22 11:43:16:107: C:\Teste\texto - Copia (14).txt - (SUCESSO) 
12/12/22 11:43:16:108: C:\Teste\texto - Copia (15).txt - (SUCESSO) 
12/12/22 11:43:16:109: C:\Teste\texto - Copia (16).txt - (SUCESSO) 
12/12/22 11:43:16:111: C:\Teste\texto - Copia (17).txt - (SUCESSO) 
12/12/22 11:43:16:112: C:\Teste\texto - Copia (18).txt - (SUCESSO) 
12/12/22 11:43:16:113: C:\Teste\texto - Copia (19).txt - (SUCESSO) 
12/12/22 11:43:16:114: C:\Teste\texto - Copia (2).txt - (SUCESSO) 
12/12/22 11:43:16:116: C:\Teste\texto - Copia (20).txt - (SUCESSO) 
12/12/22 11:43:16:117: C:\Teste\texto - Copia (21).txt - (SUCESSO) 
12/12/22 11:43:16:118: C:\Teste\texto - Copia (22).txt - (SUCESSO) 
12/12/22 11:43:16:119: C:\Teste\texto - Copia (23).txt - (SUCESSO) 
12/12/22 11:43:16:120: C:\Teste\texto - Copia (24).txt - (SUCESSO) 
12/12/22 11:43:16:121: C:\Teste\texto - Copia (25).txt - (SUCESSO) 
12/12/22 11:43:16:122: C:\Teste\texto - Copia (26).txt - (SUCESSO) 
12/12/22 11:43:16:124: C:\Teste\texto - Copia (27).txt - (SUCESSO) 
12/12/22 11:43:16:125: C:\Teste\texto - Copia (28).txt - (SUCESSO) 
12/12/22 11:43:16:126: C:\Teste\texto - Copia (29).txt - (SUCESSO) 
12/12/22 11:43:16:128: C:\Teste\texto - Copia (3).txt - (SUCESSO) 
12/12/22 11:43:16:130: C:\Teste\texto - Copia (30).txt - (SUCESSO) 
12/12/22 11:43:16:131: C:\Teste\texto - Copia (31).txt - (SUCESSO) 
12/12/22 11:43:16:132: C:\Teste\texto - Copia (32).txt - (SUCESSO) 
12/12/22 11:43:16:133: C:\Teste\texto - Copia (33).txt - (SUCESSO) 
12/12/22 11:43:16:134: C:\Teste\texto - Copia (34).txt - (SUCESSO) 
12/12/22 11:43:16:138: C:\Teste\texto - Copia (35).txt - (SUCESSO) 
12/12/22 11:43:16:141: C:\Teste\texto - Copia (36).txt - (SUCESSO) 
12/12/22 11:43:16:145: C:\Teste\texto - Copia (37).txt - (SUCESSO) 
12/12/22 11:43:16:148: C:\Teste\texto - Copia (38).txt - (SUCESSO) 
12/12/22 11:43:16:152: C:\Teste\texto - Copia (39).txt - (SUCESSO) 
12/12/22 11:43:16:156: C:\Teste\texto - Copia (4).txt - (SUCESSO) 
12/12/22 11:43:16:158: C:\Teste\texto - Copia (5).txt - (SUCESSO) 
12/12/22 11:43:16:160: C:\Teste\texto - Copia (6).txt - (SUCESSO) 
12/12/22 11:43:16:161: C:\Teste\texto - Copia (7).txt - (SUCESSO) 
12/12/22 11:43:16:162: C:\Teste\texto - Copia (8).txt - (SUCESSO) 
12/12/22 11:43:16:163: C:\Teste\texto - Copia (9).txt - (SUCESSO) 
12/12/22 11:43:16:167: C:\Teste\texto - Copia.txt - (SUCESSO) 
12/12/22 11:43:16:169: C:\Teste\texto.txt - (SUCESSO) 
 
12/12/22 11:43:16:172: FINALIZANDO APAGAMENTOS! 
12/12/22 11:43:16:174: EM FUNCIONAMENTO ESPERANDO PRÓXIMA VARREDURA 
12/12/22 11:43:18:088: INICIANDO VARREDURA 
12/12/22 11:43:18:091: PASTA: C:\Teste\ 
12/12/22 11:43:18:094: PASTA: C:\Teste\template 
12/12/22 11:43:18:101: VARREDURA CONCLUÍDA 
12/12/22 11:43:18:102: 0 ARQUIVOS ENCONTRADOS PARA DELETAR 
12/12/22 11:43:18:103: EM FUNCIONAMENTO ESPERANDO PRÓXIMA VARREDURA 
12/12/22 11:43:20:136: INICIANDO VARREDURA 
12/12/22 11:43:20:138: PASTA: C:\Teste\ 
12/12/22 11:43:20:142: PASTA: C:\Teste\template 
12/12/22 11:43:20:185: VARREDURA CONCLUÍDA 
12/12/22 11:43:20:187: 0 ARQUIVOS ENCONTRADOS PARA DELETAR 
12/12/22 11:43:20:188: EM FUNCIONAMENTO ESPERANDO PRÓXIMA VARREDURA 
12/12/22 11:43:22:301: INICIANDO VARREDURA 
12/12/22 11:43:22:303: PASTA: C:\Teste\ 
12/12/22 11:43:22:309: PASTA: C:\Teste\template 
12/12/22 11:43:22:316: VARREDURA CONCLUÍDA 
12/12/22 11:43:22:320: 0 ARQUIVOS ENCONTRADOS PARA DELETAR 
12/12/22 11:43:22:321: EM FUNCIONAMENTO ESPERANDO PRÓXIMA VARREDURA 
12/12/22 11:43:24:479: INICIANDO VARREDURA 
12/12/22 11:43:24:480: PASTA: C:\Teste\ 
12/12/22 11:43:24:482: PASTA: C:\Teste\template 
12/12/22 11:43:24:491: VARREDURA CONCLUÍDA 
12/12/22 11:43:24:492: 0 ARQUIVOS ENCONTRADOS PARA DELETAR 
12/12/22 11:43:24:496: EM FUNCIONAMENTO ESPERANDO PRÓXIMA VARREDURA 
12/12/22 11:43:26:544: INICIANDO VARREDURA 
12/12/22 11:43:26:549: PASTA: C:\Teste\ 
12/12/22 11:43:26:555: PASTA: C:\Teste\template 
12/12/22 11:43:26:590: VARREDURA CONCLUÍDA 
12/12/22 11:43:26:591: 0 ARQUIVOS ENCONTRADOS PARA DELETAR 
12/12/22 11:43:26:592: EM FUNCIONAMENTO ESPERANDO PRÓXIMA VARREDURA 
12/12/22 11:43:28:663: INICIANDO VARREDURA 
12/12/22 11:43:28:664: PASTA: C:\Teste\ 
12/12/22 11:43:28:668: PASTA: C:\Teste\template 
12/12/22 11:43:28:675: VARREDURA CONCLUÍDA 
12/12/22 11:43:28:678: 0 ARQUIVOS ENCONTRADOS PARA DELETAR 
12/12/22 11:43:28:678: EM FUNCIONAMENTO ESPERANDO PRÓXIMA VARREDURA 
12/12/22 11:43:30:700: INICIANDO VARREDURA 
12/12/22 11:43:30:701: PASTA: C:\Teste\ 
12/12/22 11:43:30:702: PASTA: C:\Teste\template 
12/12/22 11:43:30:708: VARREDURA CONCLUÍDA 
12/12/22 11:43:30:709: 0 ARQUIVOS ENCONTRADOS PARA DELETAR 
12/12/22 11:43:30:718: EM FUNCIONAMENTO ESPERANDO PRÓXIMA VARREDURA 
12/12/22 11:43:32:745: INICIANDO VARREDURA 
12/12/22 11:43:32:747: PASTA: C:\Teste\ 
12/12/22 11:43:32:751: PASTA: C:\Teste\template 
12/12/22 11:43:32:765: VARREDURA CONCLUÍDA 
12/12/22 11:43:32:819: 0 ARQUIVOS ENCONTRADOS PARA DELETAR 
12/12/22 11:43:32:820: EM FUNCIONAMENTO ESPERANDO PRÓXIMA VARREDURA 
