12/12/22 11:53:51:022: INICIANDO VARREDURA 
12/12/22 11:53:51:025: PASTA: C:\Teste\ 
12/12/22 11:53:51:043: PASTA: C:\Teste\template 
12/12/22 11:53:51:071: VARREDURA CONCLUÍDA 
12/12/22 11:53:51:082: 22 ARQUIVOS ENCONTRADOS PARA DELETAR 
12/12/22 11:53:51:082: INICIANDO APAGAMENTOS DE 22 ARQUIVOS 
 
12/12/22 11:53:51:088: C:\Teste\teste - Copia (10).txt - (SUCESSO) 
12/12/22 11:53:51:090: C:\Teste\teste - Copia (11).txt - (SUCESSO) 
12/12/22 11:53:51:091: C:\Teste\teste - Copia (12).txt - (SUCESSO) 
12/12/22 11:53:51:092: C:\Teste\teste - Copia (13).txt - (SUCESSO) 
12/12/22 11:53:51:095: C:\Teste\teste - Copia (14).txt - (SUCESSO) 
12/12/22 11:53:51:096: C:\Teste\teste - Copia (15).txt - (SUCESSO) 
12/12/22 11:53:51:099: C:\Teste\teste - Copia (16).txt - (SUCESSO) 
12/12/22 11:53:51:101: C:\Teste\teste - Copia (17).txt - (SUCESSO) 
12/12/22 11:53:51:102: C:\Teste\teste - Copia (18).txt - (SUCESSO) 
12/12/22 11:53:51:103: C:\Teste\teste - Copia (19).txt - (SUCESSO) 
12/12/22 11:53:51:104: C:\Teste\teste - Copia (2).txt - (SUCESSO) 
12/12/22 11:53:51:108: C:\Teste\teste - Copia (20).txt - (SUCESSO) 
12/12/22 11:53:51:122: C:\Teste\teste - Copia (21).txt - (SUCESSO) 
12/12/22 11:53:51:140: C:\Teste\teste - Copia (3).txt - (SUCESSO) 
12/12/22 11:53:51:142: C:\Teste\teste - Copia (4).txt - (SUCESSO) 
12/12/22 11:53:51:145: C:\Teste\teste - Copia (5).txt - (SUCESSO) 
12/12/22 11:53:51:147: C:\Teste\teste - Copia (6).txt - (SUCESSO) 
12/12/22 11:53:51:148: C:\Teste\teste - Copia (7).txt - (SUCESSO) 
12/12/22 11:53:51:150: C:\Teste\teste - Copia (8).txt - (SUCESSO) 
12/12/22 11:53:51:151: C:\Teste\teste - Copia (9).txt - (SUCESSO) 
12/12/22 11:53:51:152: C:\Teste\teste - Copia.txt - (SUCESSO) 
12/12/22 11:53:51:154: C:\Teste\teste.txt - (SUCESSO) 
 
12/12/22 11:53:51:154: FINALIZANDO APAGAMENTOS! 
12/12/22 11:53:51:155: EM FUNCIONAMENTO ESPERANDO PRÓXIMA VARREDURA 
12/12/22 11:53:53:098: INICIANDO VARREDURA 
12/12/22 11:53:53:099: PASTA: C:\Teste\ 
12/12/22 11:53:53:101: PASTA: C:\Teste\template 
12/12/22 11:53:53:109: VARREDURA CONCLUÍDA 
12/12/22 11:53:53:110: 0 ARQUIVOS ENCONTRADOS PARA DELETAR 
12/12/22 11:53:53:111: EM FUNCIONAMENTO ESPERANDO PRÓXIMA VARREDURA 
12/12/22 11:53:55:144: INICIANDO VARREDURA 
12/12/22 11:53:55:147: PASTA: C:\Teste\ 
12/12/22 11:53:55:150: PASTA: C:\Teste\template 
12/12/22 11:53:55:162: VARREDURA CONCLUÍDA 
12/12/22 11:53:55:165: 0 ARQUIVOS ENCONTRADOS PARA DELETAR 
12/12/22 11:53:55:167: EM FUNCIONAMENTO ESPERANDO PRÓXIMA VARREDURA 
12/12/22 11:53:57:269: INICIANDO VARREDURA 
12/12/22 11:53:57:271: PASTA: C:\Teste\ 
12/12/22 11:53:57:274: PASTA: C:\Teste\template 
12/12/22 11:53:57:292: VARREDURA CONCLUÍDA 
12/12/22 11:53:57:328: 0 ARQUIVOS ENCONTRADOS PARA DELETAR 
12/12/22 11:53:57:332: EM FUNCIONAMENTO ESPERANDO PRÓXIMA VARREDURA 
12/12/22 11:53:59:409: INICIANDO VARREDURA 
12/12/22 11:53:59:409: PASTA: C:\Teste\ 
12/12/22 11:53:59:411: PASTA: C:\Teste\template 
12/12/22 11:53:59:414: VARREDURA CONCLUÍDA 
12/12/22 11:53:59:414: 0 ARQUIVOS ENCONTRADOS PARA DELETAR 
12/12/22 11:53:59:415: EM FUNCIONAMENTO ESPERANDO PRÓXIMA VARREDURA 
12/12/22 11:54:01:425: INICIANDO VARREDURA 
12/12/22 11:54:01:427: PASTA: C:\Teste\ 
12/12/22 11:54:01:431: PASTA: C:\Teste\template 
12/12/22 11:54:01:438: VARREDURA CONCLUÍDA 
12/12/22 11:54:01:441: 0 ARQUIVOS ENCONTRADOS PARA DELETAR 
12/12/22 11:54:01:442: EM FUNCIONAMENTO ESPERANDO PRÓXIMA VARREDURA 
