12/12/22 11:09:07:947: INICIANDO VARREDURA 
12/12/22 11:09:07:951: PASTA: C:\Teste\ 
12/12/22 11:09:07:966: PASTA: C:\Teste\template 
12/12/22 11:09:08:024: VARREDURA CONCLUÍDA 
12/12/22 11:09:08:025: 52 ARQUIVOS ENCONTRADOS PARA DELETAR 
12/12/22 11:09:08:026: INICIANDO APAGAMENTOS DE 52 ARQUIVOS 
 
12/12/22 11:09:08:029: C:\Teste\teste - Copia (10).txt - (SUCESSO) 
12/12/22 11:09:08:036: C:\Teste\teste - Copia (11).txt - (SUCESSO) 
12/12/22 11:09:08:038: C:\Teste\teste - Copia (12).txt - (SUCESSO) 
12/12/22 11:09:08:040: C:\Teste\teste - Copia (13).txt - (SUCESSO) 
12/12/22 11:09:08:050: C:\Teste\teste - Copia (14).txt - (SUCESSO) 
12/12/22 11:09:08:052: C:\Teste\teste - Copia (15).txt - (SUCESSO) 
12/12/22 11:09:08:053: C:\Teste\teste - Copia (16).txt - (SUCESSO) 
12/12/22 11:09:08:055: C:\Teste\teste - Copia (17).txt - (SUCESSO) 
12/12/22 11:09:08:056: C:\Teste\teste - Copia (18).txt - (SUCESSO) 
12/12/22 11:09:08:057: C:\Teste\teste - Copia (19).txt - (SUCESSO) 
12/12/22 11:09:08:059: C:\Teste\teste - Copia (2).txt - (SUCESSO) 
12/12/22 11:09:08:059: C:\Teste\teste - Copia (20).txt - (SUCESSO) 
12/12/22 11:09:08:060: C:\Teste\teste - Copia (21).txt - (SUCESSO) 
12/12/22 11:09:08:062: C:\Teste\teste - Copia (22).txt - (SUCESSO) 
12/12/22 11:09:08:063: C:\Teste\teste - Copia (23).txt - (SUCESSO) 
12/12/22 11:09:08:063: C:\Teste\teste - Copia (24).txt - (SUCESSO) 
12/12/22 11:09:08:064: C:\Teste\teste - Copia (25).txt - (SUCESSO) 
12/12/22 11:09:08:065: C:\Teste\teste - Copia (26).txt - (SUCESSO) 
12/12/22 11:09:08:067: C:\Teste\teste - Copia (27).txt - (SUCESSO) 
12/12/22 11:09:08:068: C:\Teste\teste - Copia (28).txt - (SUCESSO) 
12/12/22 11:09:08:069: C:\Teste\teste - Copia (29).txt - (SUCESSO) 
12/12/22 11:09:08:070: C:\Teste\teste - Copia (3).txt - (SUCESSO) 
12/12/22 11:09:08:071: C:\Teste\teste - Copia (30).txt - (SUCESSO) 
12/12/22 11:09:08:075: C:\Teste\teste - Copia (31).txt - (SUCESSO) 
12/12/22 11:09:08:076: C:\Teste\teste - Copia (32).txt - (SUCESSO) 
12/12/22 11:09:08:077: C:\Teste\teste - Copia (33).txt - (SUCESSO) 
12/12/22 11:09:08:078: C:\Teste\teste - Copia (34).txt - (SUCESSO) 
12/12/22 11:09:08:079: C:\Teste\teste - Copia (35).txt - (SUCESSO) 
12/12/22 11:09:08:080: C:\Teste\teste - Copia (36).txt - (SUCESSO) 
12/12/22 11:09:08:086: C:\Teste\teste - Copia (37).txt - (SUCESSO) 
12/12/22 11:09:08:090: C:\Teste\teste - Copia (38).txt - (SUCESSO) 
12/12/22 11:09:08:094: C:\Teste\teste - Copia (39).txt - (SUCESSO) 
12/12/22 11:09:08:099: C:\Teste\teste - Copia (4).txt - (SUCESSO) 
12/12/22 11:09:08:102: C:\Teste\teste - Copia (40).txt - (SUCESSO) 
12/12/22 11:09:08:106: C:\Teste\teste - Copia (41).txt - (SUCESSO) 
12/12/22 11:09:08:109: C:\Teste\teste - Copia (42).txt - (SUCESSO) 
12/12/22 11:09:08:111: C:\Teste\teste - Copia (43).txt - (SUCESSO) 
12/12/22 11:09:08:113: C:\Teste\teste - Copia (44).txt - (SUCESSO) 
12/12/22 11:09:08:117: C:\Teste\teste - Copia (45).txt - (SUCESSO) 
12/12/22 11:09:08:122: C:\Teste\teste - Copia (46).txt - (SUCESSO) 
12/12/22 11:09:08:126: C:\Teste\teste - Copia (47).txt - (SUCESSO) 
12/12/22 11:09:08:128: C:\Teste\teste - Copia (48).txt - (SUCESSO) 
12/12/22 11:09:08:131: C:\Teste\teste - Copia (49).txt - (SUCESSO) 
12/12/22 11:09:08:134: C:\Teste\teste - Copia (5).txt - (SUCESSO) 
12/12/22 11:09:08:139: C:\Teste\teste - Copia (50).txt - (SUCESSO) 
12/12/22 11:09:08:139: C:\Teste\teste - Copia (51).txt - (SUCESSO) 
12/12/22 11:09:08:141: C:\Teste\teste - Copia (6).txt - (SUCESSO) 
12/12/22 11:09:08:142: C:\Teste\teste - Copia (7).txt - (SUCESSO) 
12/12/22 11:09:08:143: C:\Teste\teste - Copia (8).txt - (SUCESSO) 
12/12/22 11:09:08:144: C:\Teste\teste - Copia (9).txt - (SUCESSO) 
12/12/22 11:09:08:148: C:\Teste\teste - Copia.txt - (SUCESSO) 
12/12/22 11:09:08:150: C:\Teste\teste.txt - (SUCESSO) 
 
12/12/22 11:09:08:155: FINALIZANDO APAGAMENTOS! 
12/12/22 11:09:08:155: EM FUNCIONAMENTO ESPERANDO PRÓXIMA VARREDURA 
12/12/22 11:09:09:038: INICIANDO VARREDURA 
12/12/22 11:09:09:039: PASTA: C:\Teste\ 
12/12/22 11:09:09:040: PASTA: C:\Teste\template 
12/12/22 11:09:09:042: VARREDURA CONCLUÍDA 
12/12/22 11:09:09:043: 0 ARQUIVOS ENCONTRADOS PARA DELETAR 
12/12/22 11:09:09:043: EM FUNCIONAMENTO ESPERANDO PRÓXIMA VARREDURA 
12/12/22 11:09:10:057: INICIANDO VARREDURA 
12/12/22 11:09:10:059: PASTA: C:\Teste\ 
12/12/22 11:09:10:060: PASTA: C:\Teste\template 
12/12/22 11:09:10:065: VARREDURA CONCLUÍDA 
12/12/22 11:09:10:067: 0 ARQUIVOS ENCONTRADOS PARA DELETAR 
12/12/22 11:09:10:070: EM FUNCIONAMENTO ESPERANDO PRÓXIMA VARREDURA 
