12/12/22 10:40:39:834: INICIANDO VARREDURA 
12/12/22 10:40:39:836: PASTA: C:\Teste\ 
12/12/22 10:40:39:841: PASTA: C:\Teste\template 
12/12/22 10:40:39:855: VARREDURA CONCLUÍDA 
12/12/22 10:40:39:856: 0 ARQUIVOS ENCONTRADOS PARA DELETAR 
12/12/22 10:40:39:856: EM FUNCIONAMENTO ESPERANDO PRÓXIMA VARREDURA 
12/12/22 10:40:40:864: INICIANDO VARREDURA 
12/12/22 10:40:40:865: PASTA: C:\Teste\ 
12/12/22 10:40:40:868: PASTA: C:\Teste\template 
12/12/22 10:40:40:884: VARREDURA CONCLUÍDA 
12/12/22 10:40:40:902: 0 ARQUIVOS ENCONTRADOS PARA DELETAR 
12/12/22 10:40:40:905: EM FUNCIONAMENTO ESPERANDO PRÓXIMA VARREDURA 
12/12/22 10:40:41:956: INICIANDO VARREDURA 
12/12/22 10:40:41:959: PASTA: C:\Teste\ 
12/12/22 10:40:41:968: PASTA: C:\Teste\template 
12/12/22 10:40:41:980: VARREDURA CONCLUÍDA 
12/12/22 10:40:41:983: 0 ARQUIVOS ENCONTRADOS PARA DELETAR 
12/12/22 10:40:41:983: EM FUNCIONAMENTO ESPERANDO PRÓXIMA VARREDURA 
12/12/22 10:40:43:014: INICIANDO VARREDURA 
12/12/22 10:40:43:015: PASTA: C:\Teste\ 
12/12/22 10:40:43:018: PASTA: C:\Teste\template 
12/12/22 10:40:43:032: VARREDURA CONCLUÍDA 
12/12/22 10:40:43:032: 0 ARQUIVOS ENCONTRADOS PARA DELETAR 
12/12/22 10:40:43:033: EM FUNCIONAMENTO ESPERANDO PRÓXIMA VARREDURA 
12/12/22 10:40:44:065: INICIANDO VARREDURA 
12/12/22 10:40:44:066: PASTA: C:\Teste\ 
12/12/22 10:40:44:068: PASTA: C:\Teste\template 
12/12/22 10:40:44:084: VARREDURA CONCLUÍDA 
12/12/22 10:40:44:085: 0 ARQUIVOS ENCONTRADOS PARA DELETAR 
12/12/22 10:40:44:086: EM FUNCIONAMENTO ESPERANDO PRÓXIMA VARREDURA 
12/12/22 10:40:45:196: INICIANDO VARREDURA 
12/12/22 10:40:45:198: PASTA: C:\Teste\ 
12/12/22 10:40:45:201: PASTA: C:\Teste\template 
12/12/22 10:40:45:213: VARREDURA CONCLUÍDA 
12/12/22 10:40:45:214: 0 ARQUIVOS ENCONTRADOS PARA DELETAR 
12/12/22 10:40:45:215: EM FUNCIONAMENTO ESPERANDO PRÓXIMA VARREDURA 
12/12/22 10:40:46:234: INICIANDO VARREDURA 
12/12/22 10:40:46:235: PASTA: C:\Teste\ 
12/12/22 10:40:46:241: PASTA: C:\Teste\template 
12/12/22 10:40:46:259: VARREDURA CONCLUÍDA 
12/12/22 10:40:46:273: 0 ARQUIVOS ENCONTRADOS PARA DELETAR 
12/12/22 10:40:46:274: EM FUNCIONAMENTO ESPERANDO PRÓXIMA VARREDURA 
12/12/22 10:40:47:316: INICIANDO VARREDURA 
12/12/22 10:40:47:318: PASTA: C:\Teste\ 
12/12/22 10:40:47:322: PASTA: C:\Teste\template 
12/12/22 10:40:47:333: VARREDURA CONCLUÍDA 
12/12/22 10:40:47:334: 0 ARQUIVOS ENCONTRADOS PARA DELETAR 
12/12/22 10:40:47:335: EM FUNCIONAMENTO ESPERANDO PRÓXIMA VARREDURA 
12/12/22 10:40:48:360: INICIANDO VARREDURA 
12/12/22 10:40:48:361: PASTA: C:\Teste\ 
12/12/22 10:40:48:363: PASTA: C:\Teste\template 
12/12/22 10:40:48:373: VARREDURA CONCLUÍDA 
12/12/22 10:40:48:376: 0 ARQUIVOS ENCONTRADOS PARA DELETAR 
12/12/22 10:40:48:378: EM FUNCIONAMENTO ESPERANDO PRÓXIMA VARREDURA 
12/12/22 10:40:49:413: INICIANDO VARREDURA 
12/12/22 10:40:49:414: PASTA: C:\Teste\ 
12/12/22 10:40:49:415: PASTA: C:\Teste\template 
12/12/22 10:40:49:421: VARREDURA CONCLUÍDA 
12/12/22 10:40:49:422: 0 ARQUIVOS ENCONTRADOS PARA DELETAR 
12/12/22 10:40:49:422: EM FUNCIONAMENTO ESPERANDO PRÓXIMA VARREDURA 
12/12/22 10:40:50:436: INICIANDO VARREDURA 
12/12/22 10:40:50:439: PASTA: C:\Teste\ 
12/12/22 10:40:50:445: PASTA: C:\Teste\template 
12/12/22 10:40:50:455: VARREDURA CONCLUÍDA 
12/12/22 10:40:50:456: 0 ARQUIVOS ENCONTRADOS PARA DELETAR 
12/12/22 10:40:50:458: EM FUNCIONAMENTO ESPERANDO PRÓXIMA VARREDURA 
12/12/22 10:40:51:539: INICIANDO VARREDURA 
12/12/22 10:40:51:540: PASTA: C:\Teste\ 
12/12/22 10:40:51:542: PASTA: C:\Teste\template 
12/12/22 10:40:51:551: VARREDURA CONCLUÍDA 
12/12/22 10:40:51:552: 0 ARQUIVOS ENCONTRADOS PARA DELETAR 
12/12/22 10:40:51:553: EM FUNCIONAMENTO ESPERANDO PRÓXIMA VARREDURA 
12/12/22 10:40:52:578: INICIANDO VARREDURA 
12/12/22 10:40:52:579: PASTA: C:\Teste\ 
12/12/22 10:40:52:581: PASTA: C:\Teste\template 
12/12/22 10:40:52:597: VARREDURA CONCLUÍDA 
12/12/22 10:40:52:598: 0 ARQUIVOS ENCONTRADOS PARA DELETAR 
12/12/22 10:40:52:599: EM FUNCIONAMENTO ESPERANDO PRÓXIMA VARREDURA 
12/12/22 10:40:53:690: INICIANDO VARREDURA 
12/12/22 10:40:53:691: PASTA: C:\Teste\ 
12/12/22 10:40:53:693: PASTA: C:\Teste\template 
12/12/22 10:40:53:696: VARREDURA CONCLUÍDA 
12/12/22 10:40:53:697: 0 ARQUIVOS ENCONTRADOS PARA DELETAR 
12/12/22 10:40:53:698: EM FUNCIONAMENTO ESPERANDO PRÓXIMA VARREDURA 
12/12/22 10:40:54:710: INICIANDO VARREDURA 
12/12/22 10:40:54:711: PASTA: C:\Teste\ 
12/12/22 10:40:54:714: PASTA: C:\Teste\template 
12/12/22 10:40:54:723: VARREDURA CONCLUÍDA 
12/12/22 10:40:54:727: 0 ARQUIVOS ENCONTRADOS PARA DELETAR 
12/12/22 10:40:54:727: EM FUNCIONAMENTO ESPERANDO PRÓXIMA VARREDURA 
