12/12/22 10:50:49:273: INICIANDO VARREDURA 
12/12/22 10:50:49:275: PASTA: C:\Teste\ 
12/12/22 10:50:49:276: PASTA: C:\Teste\template 
12/12/22 10:50:49:289: VARREDURA CONCLUÍDA 
12/12/22 10:50:49:291: 0 ARQUIVOS ENCONTRADOS PARA DELETAR 
12/12/22 10:50:49:291: EM FUNCIONAMENTO ESPERANDO PRÓXIMA VARREDURA 
12/12/22 10:50:50:301: INICIANDO VARREDURA 
12/12/22 10:50:50:302: PASTA: C:\Teste\ 
12/12/22 10:50:50:306: PASTA: C:\Teste\template 
12/12/22 10:50:50:338: VARREDURA CONCLUÍDA 
12/12/22 10:50:50:368: 0 ARQUIVOS ENCONTRADOS PARA DELETAR 
12/12/22 10:50:50:370: EM FUNCIONAMENTO ESPERANDO PRÓXIMA VARREDURA 
12/12/22 10:50:51:443: INICIANDO VARREDURA 
12/12/22 10:50:51:444: PASTA: C:\Teste\ 
12/12/22 10:50:51:445: PASTA: C:\Teste\template 
12/12/22 10:50:51:451: VARREDURA CONCLUÍDA 
12/12/22 10:50:51:452: 0 ARQUIVOS ENCONTRADOS PARA DELETAR 
12/12/22 10:50:51:452: EM FUNCIONAMENTO ESPERANDO PRÓXIMA VARREDURA 
12/12/22 10:50:52:470: INICIANDO VARREDURA 
12/12/22 10:50:52:472: PASTA: C:\Teste\ 
12/12/22 10:50:52:477: PASTA: C:\Teste\template 
12/12/22 10:50:52:493: VARREDURA CONCLUÍDA 
12/12/22 10:50:52:530: 0 ARQUIVOS ENCONTRADOS PARA DELETAR 
12/12/22 10:50:52:531: EM FUNCIONAMENTO ESPERANDO PRÓXIMA VARREDURA 
12/12/22 10:50:53:614: INICIANDO VARREDURA 
12/12/22 10:50:53:614: PASTA: C:\Teste\ 
12/12/22 10:50:53:615: PASTA: C:\Teste\template 
12/12/22 10:50:53:623: VARREDURA CONCLUÍDA 
12/12/22 10:50:53:624: 0 ARQUIVOS ENCONTRADOS PARA DELETAR 
12/12/22 10:50:53:626: EM FUNCIONAMENTO ESPERANDO PRÓXIMA VARREDURA 
12/12/22 10:50:54:654: INICIANDO VARREDURA 
12/12/22 10:50:54:656: PASTA: C:\Teste\ 
12/12/22 10:50:54:661: PASTA: C:\Teste\template 
12/12/22 10:50:54:683: VARREDURA CONCLUÍDA 
12/12/22 10:50:54:684: 0 ARQUIVOS ENCONTRADOS PARA DELETAR 
12/12/22 10:50:54:684: EM FUNCIONAMENTO ESPERANDO PRÓXIMA VARREDURA 
12/12/22 10:50:55:801: INICIANDO VARREDURA 
12/12/22 10:50:55:801: PASTA: C:\Teste\ 
12/12/22 10:50:55:806: PASTA: C:\Teste\template 
12/12/22 10:50:55:818: VARREDURA CONCLUÍDA 
12/12/22 10:50:55:818: 0 ARQUIVOS ENCONTRADOS PARA DELETAR 
12/12/22 10:50:55:819: EM FUNCIONAMENTO ESPERANDO PRÓXIMA VARREDURA 
12/12/22 10:50:56:848: INICIANDO VARREDURA 
12/12/22 10:50:56:850: PASTA: C:\Teste\ 
12/12/22 10:50:56:853: PASTA: C:\Teste\template 
12/12/22 10:50:56:862: VARREDURA CONCLUÍDA 
12/12/22 10:50:56:863: 0 ARQUIVOS ENCONTRADOS PARA DELETAR 
12/12/22 10:50:56:865: EM FUNCIONAMENTO ESPERANDO PRÓXIMA VARREDURA 
12/12/22 10:50:57:884: INICIANDO VARREDURA 
12/12/22 10:50:57:886: PASTA: C:\Teste\ 
12/12/22 10:50:57:890: PASTA: C:\Teste\template 
12/12/22 10:50:57:954: VARREDURA CONCLUÍDA 
12/12/22 10:50:57:961: 0 ARQUIVOS ENCONTRADOS PARA DELETAR 
12/12/22 10:50:57:961: EM FUNCIONAMENTO ESPERANDO PRÓXIMA VARREDURA 
