12/12/22 11:41:15:055: INICIANDO VARREDURA 
12/12/22 11:41:15:057: PASTA: C:\Teste\ 
12/12/22 11:41:15:059: PASTA: C:\Teste\template 
12/12/22 11:41:15:083: VARREDURA CONCLUÍDA 
12/12/22 11:41:15:083: 44 ARQUIVOS ENCONTRADOS PARA DELETAR 
12/12/22 11:41:15:084: INICIANDO APAGAMENTOS DE 44 ARQUIVOS 
 
12/12/22 11:41:15:089: C:\Teste\teste - Copia (10).txt - (SUCESSO) 
12/12/22 11:41:15:091: C:\Teste\teste - Copia (11).txt - (SUCESSO) 
12/12/22 11:41:15:092: C:\Teste\teste - Copia (12).txt - (SUCESSO) 
12/12/22 11:41:15:093: C:\Teste\teste - Copia (13).txt - (SUCESSO) 
12/12/22 11:41:15:096: C:\Teste\teste - Copia (14).txt - (SUCESSO) 
12/12/22 11:41:15:097: C:\Teste\teste - Copia (15).txt - (SUCESSO) 
12/12/22 11:41:15:098: C:\Teste\teste - Copia (16).txt - (SUCESSO) 
12/12/22 11:41:15:100: C:\Teste\teste - Copia (17).txt - (SUCESSO) 
12/12/22 11:41:15:101: C:\Teste\teste - Copia (18).txt - (SUCESSO) 
12/12/22 11:41:15:102: C:\Teste\teste - Copia (19).txt - (SUCESSO) 
12/12/22 11:41:15:103: C:\Teste\teste - Copia (2).txt - (SUCESSO) 
12/12/22 11:41:15:104: C:\Teste\teste - Copia (20).txt - (SUCESSO) 
12/12/22 11:41:15:105: C:\Teste\teste - Copia (21).txt - (SUCESSO) 
12/12/22 11:41:15:106: C:\Teste\teste - Copia (22).txt - (SUCESSO) 
12/12/22 11:41:15:107: C:\Teste\teste - Copia (23).txt - (SUCESSO) 
12/12/22 11:41:15:108: C:\Teste\teste - Copia (24).txt - (SUCESSO) 
12/12/22 11:41:15:114: C:\Teste\teste - Copia (25).txt - (SUCESSO) 
12/12/22 11:41:15:123: C:\Teste\teste - Copia (26).txt - (SUCESSO) 
12/12/22 11:41:15:128: C:\Teste\teste - Copia (27).txt - (SUCESSO) 
12/12/22 11:41:15:128: C:\Teste\teste - Copia (28).txt - (SUCESSO) 
12/12/22 11:41:15:130: C:\Teste\teste - Copia (29).txt - (SUCESSO) 
12/12/22 11:41:15:131: C:\Teste\teste - Copia (3).txt - (SUCESSO) 
12/12/22 11:41:15:132: C:\Teste\teste - Copia (30).txt - (SUCESSO) 
12/12/22 11:41:15:133: C:\Teste\teste - Copia (31).txt - (SUCESSO) 
12/12/22 11:41:15:135: C:\Teste\teste - Copia (32).txt - (SUCESSO) 
12/12/22 11:41:15:136: C:\Teste\teste - Copia (33).txt - (SUCESSO) 
12/12/22 11:41:15:137: C:\Teste\teste - Copia (34).txt - (SUCESSO) 
12/12/22 11:41:15:138: C:\Teste\teste - Copia (35).txt - (SUCESSO) 
12/12/22 11:41:15:140: C:\Teste\teste - Copia (36).txt - (SUCESSO) 
12/12/22 11:41:15:141: C:\Teste\teste - Copia (37).txt - (SUCESSO) 
12/12/22 11:41:15:142: C:\Teste\teste - Copia (38).txt - (SUCESSO) 
12/12/22 11:41:15:144: C:\Teste\teste - Copia (39).txt - (SUCESSO) 
12/12/22 11:41:15:146: C:\Teste\teste - Copia (4).txt - (SUCESSO) 
12/12/22 11:41:15:147: C:\Teste\teste - Copia (40).txt - (SUCESSO) 
12/12/22 11:41:15:148: C:\Teste\teste - Copia (41).txt - (SUCESSO) 
12/12/22 11:41:15:149: C:\Teste\teste - Copia (42).txt - (SUCESSO) 
12/12/22 11:41:15:150: C:\Teste\teste - Copia (43).txt - (SUCESSO) 
12/12/22 11:41:15:151: C:\Teste\teste - Copia (5).txt - (SUCESSO) 
12/12/22 11:41:15:153: C:\Teste\teste - Copia (6).txt - (SUCESSO) 
12/12/22 11:41:15:157: C:\Teste\teste - Copia (7).txt - (SUCESSO) 
12/12/22 11:41:15:157: C:\Teste\teste - Copia (8).txt - (SUCESSO) 
12/12/22 11:41:15:159: C:\Teste\teste - Copia (9).txt - (SUCESSO) 
12/12/22 11:41:15:160: C:\Teste\teste - Copia.txt - (SUCESSO) 
12/12/22 11:41:15:161: C:\Teste\teste.txt - (SUCESSO) 
 
12/12/22 11:41:15:164: FINALIZANDO APAGAMENTOS! 
12/12/22 11:41:15:165: EM FUNCIONAMENTO ESPERANDO PRÓXIMA VARREDURA 
12/12/22 11:41:17:103: INICIANDO VARREDURA 
12/12/22 11:41:17:104: PASTA: C:\Teste\ 
12/12/22 11:41:17:105: PASTA: C:\Teste\template 
12/12/22 11:41:17:108: VARREDURA CONCLUÍDA 
12/12/22 11:41:17:108: 0 ARQUIVOS ENCONTRADOS PARA DELETAR 
12/12/22 11:41:17:108: EM FUNCIONAMENTO ESPERANDO PRÓXIMA VARREDURA 
12/12/22 11:41:19:125: INICIANDO VARREDURA 
12/12/22 11:41:19:127: PASTA: C:\Teste\ 
12/12/22 11:41:19:139: PASTA: C:\Teste\template 
12/12/22 11:41:19:183: VARREDURA CONCLUÍDA 
12/12/22 11:41:19:184: 0 ARQUIVOS ENCONTRADOS PARA DELETAR 
12/12/22 11:41:19:186: EM FUNCIONAMENTO ESPERANDO PRÓXIMA VARREDURA 
12/12/22 11:41:21:253: INICIANDO VARREDURA 
12/12/22 11:41:21:254: PASTA: C:\Teste\ 
12/12/22 11:41:21:265: PASTA: C:\Teste\template 
12/12/22 11:41:21:270: VARREDURA CONCLUÍDA 
12/12/22 11:41:21:271: 0 ARQUIVOS ENCONTRADOS PARA DELETAR 
12/12/22 11:41:21:272: EM FUNCIONAMENTO ESPERANDO PRÓXIMA VARREDURA 
12/12/22 11:41:23:353: INICIANDO VARREDURA 
12/12/22 11:41:23:358: PASTA: C:\Teste\ 
12/12/22 11:41:23:361: PASTA: C:\Teste\template 
12/12/22 11:41:23:369: VARREDURA CONCLUÍDA 
12/12/22 11:41:23:372: 0 ARQUIVOS ENCONTRADOS PARA DELETAR 
12/12/22 11:41:23:373: EM FUNCIONAMENTO ESPERANDO PRÓXIMA VARREDURA 
12/12/22 11:41:25:406: INICIANDO VARREDURA 
12/12/22 11:41:25:407: PASTA: C:\Teste\ 
12/12/22 11:41:25:409: PASTA: C:\Teste\template 
12/12/22 11:41:25:415: VARREDURA CONCLUÍDA 
12/12/22 11:41:25:415: 0 ARQUIVOS ENCONTRADOS PARA DELETAR 
12/12/22 11:41:25:416: EM FUNCIONAMENTO ESPERANDO PRÓXIMA VARREDURA 
12/12/22 11:41:27:447: INICIANDO VARREDURA 
12/12/22 11:41:27:449: PASTA: C:\Teste\ 
12/12/22 11:41:27:453: PASTA: C:\Teste\template 
12/12/22 11:41:27:460: VARREDURA CONCLUÍDA 
12/12/22 11:41:27:461: 0 ARQUIVOS ENCONTRADOS PARA DELETAR 
12/12/22 11:41:27:463: EM FUNCIONAMENTO ESPERANDO PRÓXIMA VARREDURA 
12/12/22 11:41:29:483: INICIANDO VARREDURA 
12/12/22 11:41:29:488: PASTA: C:\Teste\ 
12/12/22 11:41:29:494: PASTA: C:\Teste\template 
12/12/22 11:41:29:519: VARREDURA CONCLUÍDA 
12/12/22 11:41:29:523: 0 ARQUIVOS ENCONTRADOS PARA DELETAR 
12/12/22 11:41:29:531: EM FUNCIONAMENTO ESPERANDO PRÓXIMA VARREDURA 
12/12/22 11:41:31:611: INICIANDO VARREDURA 
12/12/22 11:41:31:611: PASTA: C:\Teste\ 
12/12/22 11:41:31:612: PASTA: C:\Teste\template 
12/12/22 11:41:31:615: VARREDURA CONCLUÍDA 
12/12/22 11:41:31:615: 0 ARQUIVOS ENCONTRADOS PARA DELETAR 
12/12/22 11:41:31:616: EM FUNCIONAMENTO ESPERANDO PRÓXIMA VARREDURA 
12/12/22 11:41:33:637: INICIANDO VARREDURA 
12/12/22 11:41:33:640: PASTA: C:\Teste\ 
12/12/22 11:41:33:641: PASTA: C:\Teste\template 
12/12/22 11:41:33:646: VARREDURA CONCLUÍDA 
12/12/22 11:41:33:646: 0 ARQUIVOS ENCONTRADOS PARA DELETAR 
12/12/22 11:41:33:647: EM FUNCIONAMENTO ESPERANDO PRÓXIMA VARREDURA 
12/12/22 11:41:35:665: INICIANDO VARREDURA 
12/12/22 11:41:35:666: PASTA: C:\Teste\ 
12/12/22 11:41:35:668: PASTA: C:\Teste\template 
12/12/22 11:41:35:673: VARREDURA CONCLUÍDA 
12/12/22 11:41:35:673: 0 ARQUIVOS ENCONTRADOS PARA DELETAR 
12/12/22 11:41:35:674: EM FUNCIONAMENTO ESPERANDO PRÓXIMA VARREDURA 
12/12/22 11:41:37:688: INICIANDO VARREDURA 
12/12/22 11:41:37:689: PASTA: C:\Teste\ 
12/12/22 11:41:37:690: PASTA: C:\Teste\template 
12/12/22 11:41:37:693: VARREDURA CONCLUÍDA 
12/12/22 11:41:37:693: 0 ARQUIVOS ENCONTRADOS PARA DELETAR 
12/12/22 11:41:37:694: EM FUNCIONAMENTO ESPERANDO PRÓXIMA VARREDURA 
12/12/22 11:41:39:704: INICIANDO VARREDURA 
12/12/22 11:41:39:705: PASTA: C:\Teste\ 
12/12/22 11:41:39:709: PASTA: C:\Teste\template 
12/12/22 11:41:39:718: VARREDURA CONCLUÍDA 
12/12/22 11:41:39:719: 0 ARQUIVOS ENCONTRADOS PARA DELETAR 
12/12/22 11:41:39:720: EM FUNCIONAMENTO ESPERANDO PRÓXIMA VARREDURA 
12/12/22 11:41:41:743: INICIANDO VARREDURA 
12/12/22 11:41:41:744: PASTA: C:\Teste\ 
12/12/22 11:41:41:747: PASTA: C:\Teste\template 
12/12/22 11:41:41:752: VARREDURA CONCLUÍDA 
12/12/22 11:41:41:753: 0 ARQUIVOS ENCONTRADOS PARA DELETAR 
12/12/22 11:41:41:754: EM FUNCIONAMENTO ESPERANDO PRÓXIMA VARREDURA 
12/12/22 11:41:43:776: INICIANDO VARREDURA 
12/12/22 11:41:43:779: PASTA: C:\Teste\ 
12/12/22 11:41:43:783: PASTA: C:\Teste\template 
12/12/22 11:41:43:787: VARREDURA CONCLUÍDA 
12/12/22 11:41:43:789: 0 ARQUIVOS ENCONTRADOS PARA DELETAR 
12/12/22 11:41:43:789: EM FUNCIONAMENTO ESPERANDO PRÓXIMA VARREDURA 
12/12/22 11:41:45:806: INICIANDO VARREDURA 
12/12/22 11:41:45:807: PASTA: C:\Teste\ 
12/12/22 11:41:45:810: PASTA: C:\Teste\template 
12/12/22 11:41:45:817: VARREDURA CONCLUÍDA 
12/12/22 11:41:45:818: 0 ARQUIVOS ENCONTRADOS PARA DELETAR 
12/12/22 11:41:45:819: EM FUNCIONAMENTO ESPERANDO PRÓXIMA VARREDURA 
12/12/22 11:41:47:849: INICIANDO VARREDURA 
12/12/22 11:41:47:850: PASTA: C:\Teste\ 
12/12/22 11:41:47:852: PASTA: C:\Teste\template 
12/12/22 11:41:47:857: VARREDURA CONCLUÍDA 
12/12/22 11:41:47:858: 0 ARQUIVOS ENCONTRADOS PARA DELETAR 
12/12/22 11:41:47:859: EM FUNCIONAMENTO ESPERANDO PRÓXIMA VARREDURA 
