12/12/22 11:08:01:847: INICIANDO VARREDURA 
12/12/22 11:08:01:848: PASTA: C:\Teste\ 
12/12/22 11:08:01:853: PASTA: C:\Teste\template 
12/12/22 11:08:01:870: VARREDURA CONCLUÍDA 
12/12/22 11:08:01:870: 16 ARQUIVOS ENCONTRADOS PARA DELETAR 
12/12/22 11:08:01:871: INICIANDO APAGAMENTOS DE 16 ARQUIVOS 
 
12/12/22 11:08:01:873: C:\Teste\teste - Copia (10).txt - (SUCESSO) 
12/12/22 11:08:01:876: C:\Teste\teste - Copia (11).txt - (SUCESSO) 
12/12/22 11:08:01:877: C:\Teste\teste - Copia (12).txt - (SUCESSO) 
12/12/22 11:08:01:877: C:\Teste\teste - Copia (13).txt - (SUCESSO) 
12/12/22 11:08:01:878: C:\Teste\teste - Copia (14).txt - (SUCESSO) 
12/12/22 11:08:01:879: C:\Teste\teste - Copia (15).txt - (SUCESSO) 
12/12/22 11:08:01:880: C:\Teste\teste - Copia (2).txt - (SUCESSO) 
12/12/22 11:08:01:881: C:\Teste\teste - Copia (3).txt - (SUCESSO) 
12/12/22 11:08:01:882: C:\Teste\teste - Copia (4).txt - (SUCESSO) 
12/12/22 11:08:01:884: C:\Teste\teste - Copia (5).txt - (SUCESSO) 
12/12/22 11:08:01:887: C:\Teste\teste - Copia (6).txt - (SUCESSO) 
12/12/22 11:08:01:888: C:\Teste\teste - Copia (7).txt - (SUCESSO) 
12/12/22 11:08:01:890: C:\Teste\teste - Copia (8).txt - (SUCESSO) 
12/12/22 11:08:01:891: C:\Teste\teste - Copia (9).txt - (SUCESSO) 
12/12/22 11:08:01:900: C:\Teste\teste - Copia.txt - (SUCESSO) 
12/12/22 11:08:01:903: C:\Teste\teste.txt - (SUCESSO) 
 
12/12/22 11:08:01:906: FINALIZANDO APAGAMENTOS! 
12/12/22 11:08:01:907: EM FUNCIONAMENTO ESPERANDO PRÓXIMA VARREDURA 
12/12/22 11:08:02:873: INICIANDO VARREDURA 
12/12/22 11:08:02:874: PASTA: C:\Teste\ 
12/12/22 11:08:02:880: PASTA: C:\Teste\template 
12/12/22 11:08:02:883: VARREDURA CONCLUÍDA 
12/12/22 11:08:02:884: 0 ARQUIVOS ENCONTRADOS PARA DELETAR 
12/12/22 11:08:02:893: INICIANDO APAGAMENTOS DE 0 ARQUIVOS 
 
12/12/22 11:08:02:899: undefined - (ERRO) 
12/12/22 11:08:02:903: undefined - (ERRO) 
 
12/12/22 11:08:02:910: FINALIZANDO APAGAMENTOS! 
12/12/22 11:08:02:912: EM FUNCIONAMENTO ESPERANDO PRÓXIMA VARREDURA 
12/12/22 11:08:03:963: INICIANDO VARREDURA 
12/12/22 11:08:03:970: PASTA: C:\Teste\ 
12/12/22 11:08:03:972: PASTA: C:\Teste\template 
12/12/22 11:08:03:980: VARREDURA CONCLUÍDA 
12/12/22 11:08:03:983: 0 ARQUIVOS ENCONTRADOS PARA DELETAR 
12/12/22 11:08:03:986: INICIANDO APAGAMENTOS DE 0 ARQUIVOS 
 
12/12/22 11:08:04:021: undefined - (ERRO) 
12/12/22 11:08:04:023: undefined - (ERRO) 
 
12/12/22 11:08:04:030: FINALIZANDO APAGAMENTOS! 
12/12/22 11:08:04:041: EM FUNCIONAMENTO ESPERANDO PRÓXIMA VARREDURA 
12/12/22 11:08:05:136: INICIANDO VARREDURA 
12/12/22 11:08:05:139: PASTA: C:\Teste\ 
12/12/22 11:08:05:142: PASTA: C:\Teste\template 
12/12/22 11:08:05:153: VARREDURA CONCLUÍDA 
12/12/22 11:08:05:155: 0 ARQUIVOS ENCONTRADOS PARA DELETAR 
12/12/22 11:08:05:156: INICIANDO APAGAMENTOS DE 0 ARQUIVOS 
 
12/12/22 11:08:05:158: undefined - (ERRO) 
12/12/22 11:08:05:171: undefined - (ERRO) 
 
12/12/22 11:08:05:174: FINALIZANDO APAGAMENTOS! 
12/12/22 11:08:05:175: EM FUNCIONAMENTO ESPERANDO PRÓXIMA VARREDURA 
12/12/22 11:08:06:230: INICIANDO VARREDURA 
12/12/22 11:08:06:231: PASTA: C:\Teste\ 
12/12/22 11:08:06:232: PASTA: C:\Teste\template 
12/12/22 11:08:06:236: VARREDURA CONCLUÍDA 
12/12/22 11:08:06:239: 0 ARQUIVOS ENCONTRADOS PARA DELETAR 
12/12/22 11:08:06:240: INICIANDO APAGAMENTOS DE 0 ARQUIVOS 
 
12/12/22 11:08:06:241: undefined - (ERRO) 
12/12/22 11:08:06:250: undefined - (ERRO) 
 
12/12/22 11:08:06:252: FINALIZANDO APAGAMENTOS! 
12/12/22 11:08:06:254: EM FUNCIONAMENTO ESPERANDO PRÓXIMA VARREDURA 
12/12/22 11:08:07:289: INICIANDO VARREDURA 
12/12/22 11:08:07:292: PASTA: C:\Teste\ 
12/12/22 11:08:07:311: PASTA: C:\Teste\template 
12/12/22 11:08:07:333: VARREDURA CONCLUÍDA 
12/12/22 11:08:07:340: 0 ARQUIVOS ENCONTRADOS PARA DELETAR 
12/12/22 11:08:07:354: INICIANDO APAGAMENTOS DE 0 ARQUIVOS 
 
12/12/22 11:08:07:360: undefined - (ERRO) 
12/12/22 11:08:07:361: undefined - (ERRO) 
 
12/12/22 11:08:07:363: FINALIZANDO APAGAMENTOS! 
12/12/22 11:08:07:363: EM FUNCIONAMENTO ESPERANDO PRÓXIMA VARREDURA 
12/12/22 11:08:08:439: INICIANDO VARREDURA 
12/12/22 11:08:08:440: PASTA: C:\Teste\ 
12/12/22 11:08:08:442: PASTA: C:\Teste\template 
12/12/22 11:08:08:448: VARREDURA CONCLUÍDA 
12/12/22 11:08:08:448: 0 ARQUIVOS ENCONTRADOS PARA DELETAR 
12/12/22 11:08:08:449: INICIANDO APAGAMENTOS DE 0 ARQUIVOS 
 
12/12/22 11:08:08:452: undefined - (ERRO) 
12/12/22 11:08:08:454: undefined - (ERRO) 
 
12/12/22 11:08:08:456: FINALIZANDO APAGAMENTOS! 
12/12/22 11:08:08:457: EM FUNCIONAMENTO ESPERANDO PRÓXIMA VARREDURA 
12/12/22 11:08:09:482: INICIANDO VARREDURA 
12/12/22 11:08:09:485: PASTA: C:\Teste\ 
12/12/22 11:08:09:490: PASTA: C:\Teste\template 
12/12/22 11:08:09:499: VARREDURA CONCLUÍDA 
12/12/22 11:08:09:500: 0 ARQUIVOS ENCONTRADOS PARA DELETAR 
12/12/22 11:08:09:501: INICIANDO APAGAMENTOS DE 0 ARQUIVOS 
 
12/12/22 11:08:09:503: undefined - (ERRO) 
12/12/22 11:08:09:504: undefined - (ERRO) 
 
12/12/22 11:08:09:506: FINALIZANDO APAGAMENTOS! 
12/12/22 11:08:09:520: EM FUNCIONAMENTO ESPERANDO PRÓXIMA VARREDURA 
12/12/22 11:08:10:568: INICIANDO VARREDURA 
12/12/22 11:08:10:570: PASTA: C:\Teste\ 
12/12/22 11:08:10:574: PASTA: C:\Teste\template 
12/12/22 11:08:10:588: VARREDURA CONCLUÍDA 
12/12/22 11:08:10:591: 0 ARQUIVOS ENCONTRADOS PARA DELETAR 
12/12/22 11:08:10:593: INICIANDO APAGAMENTOS DE 0 ARQUIVOS 
 
12/12/22 11:08:10:619: undefined - (ERRO) 
12/12/22 11:08:10:632: undefined - (ERRO) 
 
12/12/22 11:08:10:633: FINALIZANDO APAGAMENTOS! 
12/12/22 11:08:10:634: EM FUNCIONAMENTO ESPERANDO PRÓXIMA VARREDURA 
12/12/22 11:08:11:715: INICIANDO VARREDURA 
12/12/22 11:08:11:721: PASTA: C:\Teste\ 
12/12/22 11:08:11:727: PASTA: C:\Teste\template 
12/12/22 11:08:11:738: VARREDURA CONCLUÍDA 
12/12/22 11:08:11:738: 0 ARQUIVOS ENCONTRADOS PARA DELETAR 
12/12/22 11:08:11:739: INICIANDO APAGAMENTOS DE 0 ARQUIVOS 
 
12/12/22 11:08:11:740: undefined - (ERRO) 
12/12/22 11:08:11:776: undefined - (ERRO) 
 
12/12/22 11:08:11:776: FINALIZANDO APAGAMENTOS! 
12/12/22 11:08:11:777: EM FUNCIONAMENTO ESPERANDO PRÓXIMA VARREDURA 
12/12/22 11:08:12:844: INICIANDO VARREDURA 
12/12/22 11:08:12:845: PASTA: C:\Teste\ 
12/12/22 11:08:12:848: PASTA: C:\Teste\template 
12/12/22 11:08:12:853: VARREDURA CONCLUÍDA 
12/12/22 11:08:12:854: 0 ARQUIVOS ENCONTRADOS PARA DELETAR 
12/12/22 11:08:12:855: INICIANDO APAGAMENTOS DE 0 ARQUIVOS 
 
12/12/22 11:08:12:856: undefined - (ERRO) 
12/12/22 11:08:12:857: undefined - (ERRO) 
 
12/12/22 11:08:12:858: FINALIZANDO APAGAMENTOS! 
12/12/22 11:08:12:859: EM FUNCIONAMENTO ESPERANDO PRÓXIMA VARREDURA 
