12/12/22 11:57:11:790: INICIANDO VARREDURA 
12/12/22 11:57:11:792: PASTA: C:\Teste\ 
12/12/22 11:57:11:794: PASTA: C:\Teste\template 
12/12/22 11:57:11:822: VARREDURA CONCLUÍDA 
12/12/22 11:57:11:824: 30 ARQUIVOS ENCONTRADOS PARA DELETAR 
12/12/22 11:57:11:828: INICIANDO APAGAMENTOS DE 30 ARQUIVOS 
 
12/12/22 11:57:11:835: Mon Dec 12 2022 11:54:19 GMT-0300 (Hora oficial do Brasil) 
12/12/22 11:57:21:846: INICIANDO VARREDURA 
12/12/22 11:57:21:848: PASTA: C:\Teste\ 
12/12/22 11:57:21:853: PASTA: C:\Teste\template 
12/12/22 11:57:21:907: VARREDURA CONCLUÍDA 
12/12/22 11:57:21:936: 30 ARQUIVOS ENCONTRADOS PARA DELETAR 
12/12/22 11:57:21:939: INICIANDO APAGAMENTOS DE 30 ARQUIVOS 
 
12/12/22 11:57:21:943: Mon Dec 12 2022 11:54:19 GMT-0300 (Hora oficial do Brasil) 
12/12/22 11:57:32:042: INICIANDO VARREDURA 
12/12/22 11:57:32:044: PASTA: C:\Teste\ 
12/12/22 11:57:32:048: PASTA: C:\Teste\template 
12/12/22 11:57:32:109: VARREDURA CONCLUÍDA 
12/12/22 11:57:32:117: 30 ARQUIVOS ENCONTRADOS PARA DELETAR 
12/12/22 11:57:32:120: INICIANDO APAGAMENTOS DE 30 ARQUIVOS 
 
12/12/22 11:57:32:129: Mon Dec 12 2022 11:54:19 GMT-0300 (Hora oficial do Brasil) 
12/12/22 11:57:42:224: INICIANDO VARREDURA 
12/12/22 11:57:42:226: PASTA: C:\Teste\ 
12/12/22 11:57:42:231: PASTA: C:\Teste\template 
12/12/22 11:57:42:265: VARREDURA CONCLUÍDA 
12/12/22 11:57:42:279: 30 ARQUIVOS ENCONTRADOS PARA DELETAR 
12/12/22 11:57:42:280: INICIANDO APAGAMENTOS DE 30 ARQUIVOS 
 
12/12/22 11:57:42:285: Mon Dec 12 2022 11:54:19 GMT-0300 (Hora oficial do Brasil) 
12/12/22 11:57:52:351: INICIANDO VARREDURA 
12/12/22 11:57:52:355: PASTA: C:\Teste\ 
12/12/22 11:57:52:359: PASTA: C:\Teste\template 
12/12/22 11:57:52:422: VARREDURA CONCLUÍDA 
12/12/22 11:57:52:422: 30 ARQUIVOS ENCONTRADOS PARA DELETAR 
12/12/22 11:57:52:423: INICIANDO APAGAMENTOS DE 30 ARQUIVOS 
 
12/12/22 11:57:52:452: Mon Dec 12 2022 11:54:19 GMT-0300 (Hora oficial do Brasil) 
