12/12/22 10:48:12:390: INICIANDO VARREDURA 
12/12/22 10:48:12:423: PASTA: C:\Teste\ 
12/12/22 10:48:12:426: PASTA: C:\Teste\template 
12/12/22 10:48:12:458: VARREDURA CONCLUÍDA 
12/12/22 10:48:12:458: 0 ARQUIVOS ENCONTRADOS PARA DELETAR 
12/12/22 10:48:12:459: EM FUNCIONAMENTO ESPERANDO PRÓXIMA VARREDURA 
12/12/22 10:48:13:463: INICIANDO VARREDURA 
12/12/22 10:48:13:466: PASTA: C:\Teste\ 
12/12/22 10:48:13:472: PASTA: C:\Teste\template 
12/12/22 10:48:13:498: VARREDURA CONCLUÍDA 
12/12/22 10:48:13:509: 0 ARQUIVOS ENCONTRADOS PARA DELETAR 
12/12/22 10:48:13:510: EM FUNCIONAMENTO ESPERANDO PRÓXIMA VARREDURA 
12/12/22 10:48:14:573: INICIANDO VARREDURA 
12/12/22 10:48:14:576: PASTA: C:\Teste\ 
12/12/22 10:48:14:594: PASTA: C:\Teste\template 
12/12/22 10:48:14:613: VARREDURA CONCLUÍDA 
12/12/22 10:48:14:625: 0 ARQUIVOS ENCONTRADOS PARA DELETAR 
12/12/22 10:48:14:625: EM FUNCIONAMENTO ESPERANDO PRÓXIMA VARREDURA 
12/12/22 10:48:15:685: INICIANDO VARREDURA 
12/12/22 10:48:15:687: PASTA: C:\Teste\ 
12/12/22 10:48:15:691: PASTA: C:\Teste\template 
12/12/22 10:48:15:718: VARREDURA CONCLUÍDA 
12/12/22 10:48:15:732: 0 ARQUIVOS ENCONTRADOS PARA DELETAR 
12/12/22 10:48:15:733: EM FUNCIONAMENTO ESPERANDO PRÓXIMA VARREDURA 
