12/12/22 11:26:04:831: INICIANDO VARREDURA 
12/12/22 11:26:04:845: PASTA: C:\Teste\ 
12/12/22 11:26:04:850: PASTA: C:\Teste\template 
12/12/22 11:26:04:895: VARREDURA CONCLUÍDA 
12/12/22 11:26:04:895: 18 ARQUIVOS ENCONTRADOS PARA DELETAR 
12/12/22 11:26:04:896: INICIANDO APAGAMENTOS DE 18 ARQUIVOS 
 
12/12/22 11:26:04:902: C:\Teste\teste - Copia (10).txt - (SUCESSO) 
12/12/22 11:26:04:906: C:\Teste\teste - Copia (11).txt - (SUCESSO) 
12/12/22 11:26:04:909: C:\Teste\teste - Copia (12).txt - (SUCESSO) 
12/12/22 11:26:04:910: C:\Teste\teste - Copia (13).txt - (SUCESSO) 
12/12/22 11:26:04:913: C:\Teste\teste - Copia (14).txt - (SUCESSO) 
12/12/22 11:26:04:936: C:\Teste\teste - Copia (15).txt - (SUCESSO) 
12/12/22 11:26:04:943: C:\Teste\teste - Copia (16).txt - (SUCESSO) 
12/12/22 11:26:04:945: C:\Teste\teste - Copia (17).txt - (SUCESSO) 
12/12/22 11:26:04:947: C:\Teste\teste - Copia (18).txt - (SUCESSO) 
12/12/22 11:26:04:948: C:\Teste\teste - Copia (19).txt - (SUCESSO) 
12/12/22 11:26:04:950: C:\Teste\teste - Copia (2).txt - (SUCESSO) 
12/12/22 11:26:04:951: C:\Teste\teste - Copia (3).txt - (SUCESSO) 
12/12/22 11:26:04:952: C:\Teste\teste - Copia (4).txt - (SUCESSO) 
12/12/22 11:26:04:953: C:\Teste\teste - Copia (5).txt - (SUCESSO) 
12/12/22 11:26:04:955: C:\Teste\teste - Copia (6).txt - (SUCESSO) 
12/12/22 11:26:04:956: C:\Teste\teste - Copia (7).txt - (SUCESSO) 
12/12/22 11:26:04:957: C:\Teste\teste - Copia (8).txt - (SUCESSO) 
12/12/22 11:26:04:959: C:\Teste\teste - Copia (9).txt - (SUCESSO) 
 
12/12/22 11:26:04:961: FINALIZANDO APAGAMENTOS! 
12/12/22 11:26:04:961: EM FUNCIONAMENTO ESPERANDO PRÓXIMA VARREDURA 
12/12/22 11:26:06:910: INICIANDO VARREDURA 
12/12/22 11:26:06:912: PASTA: C:\Teste\ 
12/12/22 11:26:06:914: PASTA: C:\Teste\template 
12/12/22 11:26:06:921: VARREDURA CONCLUÍDA 
12/12/22 11:26:06:921: 0 ARQUIVOS ENCONTRADOS PARA DELETAR 
12/12/22 11:26:06:922: EM FUNCIONAMENTO ESPERANDO PRÓXIMA VARREDURA 
12/12/22 11:26:08:938: INICIANDO VARREDURA 
12/12/22 11:26:08:941: PASTA: C:\Teste\ 
12/12/22 11:26:08:944: PASTA: C:\Teste\template 
12/12/22 11:26:08:951: VARREDURA CONCLUÍDA 
12/12/22 11:26:08:995: 0 ARQUIVOS ENCONTRADOS PARA DELETAR 
12/12/22 11:26:08:997: EM FUNCIONAMENTO ESPERANDO PRÓXIMA VARREDURA 
12/12/22 11:26:11:075: INICIANDO VARREDURA 
12/12/22 11:26:11:076: PASTA: C:\Teste\ 
12/12/22 11:26:11:078: PASTA: C:\Teste\template 
12/12/22 11:26:11:086: VARREDURA CONCLUÍDA 
12/12/22 11:26:11:087: 0 ARQUIVOS ENCONTRADOS PARA DELETAR 
12/12/22 11:26:11:088: EM FUNCIONAMENTO ESPERANDO PRÓXIMA VARREDURA 
12/12/22 11:26:13:113: INICIANDO VARREDURA 
12/12/22 11:26:13:114: PASTA: C:\Teste\ 
12/12/22 11:26:13:118: PASTA: C:\Teste\template 
12/12/22 11:26:13:127: VARREDURA CONCLUÍDA 
12/12/22 11:26:13:128: 0 ARQUIVOS ENCONTRADOS PARA DELETAR 
12/12/22 11:26:13:130: EM FUNCIONAMENTO ESPERANDO PRÓXIMA VARREDURA 
